2023-07-06 09:49:25.197  INFO LAPTOP-QSG579HJ --- [  restartedMain] c.c.e.EbmApplication                     : Starting EbmApplication using Java 17.0.1 on LAPTOP-QSG579HJ with PID 16412 (C:\ebm\gitWorkspace\ebm\ebm\target\classes started by rupes in C:\ebm\gitWorkspace\ebm\ebm)
2023-07-06 09:49:25.390 DEBUG LAPTOP-QSG579HJ --- [  restartedMain] c.c.e.EbmApplication                     : Running with Spring Boot v2.7.4, Spring v5.3.23
2023-07-06 09:49:25.421  INFO LAPTOP-QSG579HJ --- [  restartedMain] c.c.e.EbmApplication                     : No active profile set, falling back to 1 default profile: "default"
2023-07-06 09:49:25.715  INFO LAPTOP-QSG579HJ --- [  restartedMain] .e.DevToolsPropertyDefaultsPostProcessor : Devtools property defaults active! Set 'spring.devtools.add-properties' to 'false' to disable
2023-07-06 09:49:25.716  INFO LAPTOP-QSG579HJ --- [  restartedMain] .e.DevToolsPropertyDefaultsPostProcessor : For additional web related logging consider setting the 'logging.level.web' property to 'DEBUG'
2023-07-06 09:49:30.032  INFO LAPTOP-QSG579HJ --- [  restartedMain] .s.d.r.c.RepositoryConfigurationDelegate : Bootstrapping Spring Data JPA repositories in DEFAULT mode.
2023-07-06 09:49:30.380  INFO LAPTOP-QSG579HJ --- [  restartedMain] .s.d.r.c.RepositoryConfigurationDelegate : Finished Spring Data repository scanning in 293 ms. Found 3 JPA repository interfaces.
2023-07-06 09:49:34.401  INFO LAPTOP-QSG579HJ --- [  restartedMain] o.s.b.w.e.t.TomcatWebServer              : Tomcat initialized with port(s): 8080 (http)
2023-07-06 09:49:34.577  INFO LAPTOP-QSG579HJ --- [  restartedMain] o.a.c.h.Http11NioProtocol                : Initializing ProtocolHandler ["http-nio-8080"]
2023-07-06 09:49:34.579  INFO LAPTOP-QSG579HJ --- [  restartedMain] o.a.c.c.StandardService                  : Starting service [Tomcat]
2023-07-06 09:49:34.580  INFO LAPTOP-QSG579HJ --- [  restartedMain] o.a.c.c.StandardEngine                   : Starting Servlet engine: [Apache Tomcat/9.0.65]
2023-07-06 09:49:35.547  INFO LAPTOP-QSG579HJ --- [  restartedMain] o.a.j.s.TldScanner                       : At least one JAR was scanned for TLDs yet contained no TLDs. Enable debug logging for this logger for a complete list of JARs that were scanned but no TLDs were found in them. Skipping unneeded JARs during scanning can improve startup time and JSP compilation time.
2023-07-06 09:49:35.686  INFO LAPTOP-QSG579HJ --- [  restartedMain] o.a.c.c.C.[.[.[/]                        : Initializing Spring embedded WebApplicationContext
2023-07-06 09:49:35.687  INFO LAPTOP-QSG579HJ --- [  restartedMain] w.s.c.ServletWebServerApplicationContext : Root WebApplicationContext: initialization completed in 9969 ms
2023-07-06 09:49:38.562  INFO LAPTOP-QSG579HJ --- [  restartedMain] o.h.j.i.u.LogHelper                      : HHH000204: Processing PersistenceUnitInfo [name: default]
2023-07-06 09:49:39.085  INFO LAPTOP-QSG579HJ --- [  restartedMain] o.h.Version                              : HHH000412: Hibernate ORM core version 5.6.11.Final
2023-07-06 09:49:40.070  INFO LAPTOP-QSG579HJ --- [  restartedMain] o.h.a.c.Version                          : HCANN000001: Hibernate Commons Annotations {5.1.2.Final}
2023-07-06 09:49:40.684  INFO LAPTOP-QSG579HJ --- [  restartedMain] c.z.h.HikariDataSource                   : HikariPool-1 - Starting...
2023-07-06 09:49:41.386  INFO LAPTOP-QSG579HJ --- [  restartedMain] c.z.h.HikariDataSource                   : HikariPool-1 - Start completed.
2023-07-06 09:49:41.597  INFO LAPTOP-QSG579HJ --- [  restartedMain] o.h.d.Dialect                            : HHH000400: Using dialect: org.hibernate.dialect.MySQL5InnoDBDialect
2023-07-06 09:49:47.634  INFO LAPTOP-QSG579HJ --- [  restartedMain] o.h.e.t.j.p.i.JtaPlatformInitiator       : HHH000490: Using JtaPlatform implementation: [org.hibernate.engine.transaction.jta.platform.internal.NoJtaPlatform]
2023-07-06 09:49:47.660  INFO LAPTOP-QSG579HJ --- [  restartedMain] j.LocalContainerEntityManagerFactoryBean : Initialized JPA EntityManagerFactory for persistence unit 'default'
2023-07-06 09:49:50.340  WARN LAPTOP-QSG579HJ --- [  restartedMain] JpaBaseConfiguration$JpaWebConfiguration : spring.jpa.open-in-view is enabled by default. Therefore, database queries may be performed during view rendering. Explicitly configure spring.jpa.open-in-view to disable this warning
2023-07-06 09:49:52.657  INFO LAPTOP-QSG579HJ --- [  restartedMain] o.s.b.d.a.OptionalLiveReloadServer       : LiveReload server is running on port 35729
2023-07-06 09:49:52.696  INFO LAPTOP-QSG579HJ --- [  restartedMain] o.a.c.h.Http11NioProtocol                : Starting ProtocolHandler ["http-nio-8080"]
2023-07-06 09:49:52.804  INFO LAPTOP-QSG579HJ --- [  restartedMain] o.s.b.w.e.t.TomcatWebServer              : Tomcat started on port(s): 8080 (http) with context path ''
2023-07-06 09:49:52.830  INFO LAPTOP-QSG579HJ --- [  restartedMain] c.c.e.EbmApplication                     : Started EbmApplication in 30.059 seconds (JVM running for 33.524)
2023-07-06 09:49:53.684  INFO LAPTOP-QSG579HJ --- [  restartedMain] c.c.e.EbmApplication                     : Welcome to EBM Application
2023-07-06 09:50:03.793  INFO LAPTOP-QSG579HJ --- [nio-8080-exec-1] o.a.c.c.C.[.[.[/]                        : Initializing Spring DispatcherServlet 'dispatcherServlet'
2023-07-06 09:50:03.793  INFO LAPTOP-QSG579HJ --- [nio-8080-exec-1] o.s.w.s.DispatcherServlet                : Initializing Servlet 'dispatcherServlet'
2023-07-06 09:50:03.796  INFO LAPTOP-QSG579HJ --- [nio-8080-exec-1] o.s.w.s.DispatcherServlet                : Completed initialization in 2 ms
2023-07-06 09:50:06.528  WARN LAPTOP-QSG579HJ --- [nio-8080-exec-1] o.a.c.u.SessionIdGeneratorBase           : Creation of SecureRandom instance for session ID generation using [SHA1PRNG] took [350] milliseconds.
2023-07-06 09:50:09.684  WARN LAPTOP-QSG579HJ --- [nio-8080-exec-7] o.s.w.s.PageNotFound                     : No mapping for GET /favicon.ico
2023-07-06 09:50:33.915  INFO LAPTOP-QSG579HJ --- [nio-8080-exec-5] c.c.e.c.UserController                   : login controller called.
2023-07-06 09:50:33.919  INFO LAPTOP-QSG579HJ --- [nio-8080-exec-5] c.c.e.c.UserController                   : new session:EC196C24E509262353D03BE2509A16EF
2023-07-06 09:50:34.124  INFO LAPTOP-QSG579HJ --- [nio-8080-exec-5] c.c.e.s.UserService                      : [com.cs.ebm.pojo.User@34cbdba]
2023-07-06 09:50:34.131  INFO LAPTOP-QSG579HJ --- [nio-8080-exec-5] c.c.e.c.UserController                   : user found
2023-07-06 09:50:35.386  WARN LAPTOP-QSG579HJ --- [nio-8080-exec-4] o.s.w.s.PageNotFound                     : No mapping for GET /plugins/fontawesome-free/css/all.min.css
2023-07-06 09:50:42.631  WARN LAPTOP-QSG579HJ --- [nio-8080-exec-3] o.s.w.s.PageNotFound                     : No mapping for GET /plugins/fontawesome-free/css/all.min.css
2023-07-06 09:51:08.429  INFO LAPTOP-QSG579HJ --- [nio-8080-exec-9] c.c.e.c.EnquiryController                : class com.cs.ebm.controller.EnquiryController| addEnquiry | method called !
2023-07-06 09:51:08.529  WARN LAPTOP-QSG579HJ --- [io-8080-exec-10] o.s.w.s.PageNotFound                     : No mapping for GET /plugins/fontawesome-free/css/all.min.css
2023-07-06 09:51:31.601  INFO LAPTOP-QSG579HJ --- [nio-8080-exec-2] c.c.e.c.UserController                   : login controller called.
2023-07-06 09:51:31.601  INFO LAPTOP-QSG579HJ --- [nio-8080-exec-2] c.c.e.c.UserController                   : new session:B1BBADABC10795578153BBC37C649146
2023-07-06 09:51:31.612  INFO LAPTOP-QSG579HJ --- [nio-8080-exec-2] c.c.e.s.UserService                      : [com.cs.ebm.pojo.User@48fc07a7]
2023-07-06 09:51:31.620  INFO LAPTOP-QSG579HJ --- [nio-8080-exec-2] c.c.e.c.UserController                   : user found
2023-07-06 09:51:31.748  WARN LAPTOP-QSG579HJ --- [nio-8080-exec-7] o.s.w.s.PageNotFound                     : No mapping for GET /plugins/fontawesome-free/css/all.min.css
2023-07-06 09:51:34.248  WARN LAPTOP-QSG579HJ --- [nio-8080-exec-3] o.s.w.s.PageNotFound                     : No mapping for GET /plugins/fontawesome-free/css/all.min.css
2023-07-06 09:52:16.528  INFO LAPTOP-QSG579HJ --- [nio-8080-exec-2] c.c.e.c.EnquiryController                : class com.cs.ebm.controller.EnquiryController| addEnquiry | method called !
2023-07-06 09:52:16.616  WARN LAPTOP-QSG579HJ --- [nio-8080-exec-8] o.s.w.s.PageNotFound                     : No mapping for GET /plugins/fontawesome-free/css/all.min.css
2023-07-06 09:53:11.579  INFO LAPTOP-QSG579HJ --- [nio-8080-exec-7] c.c.e.c.EnquiryController                : class com.cs.ebm.controller.EnquiryController| addEnquiry | method called !
2023-07-06 09:53:11.680  WARN LAPTOP-QSG579HJ --- [nio-8080-exec-1] o.s.w.s.PageNotFound                     : No mapping for GET /plugins/fontawesome-free/css/all.min.css
2023-07-06 09:53:26.975  INFO LAPTOP-QSG579HJ --- [nio-8080-exec-1] c.c.e.c.UserController                   : login controller called.
2023-07-06 09:53:26.976  INFO LAPTOP-QSG579HJ --- [nio-8080-exec-1] c.c.e.c.UserController                   : new session:EC5F0766DFBE2B1ECD4ED9CF34F78AA7
2023-07-06 09:53:26.983  INFO LAPTOP-QSG579HJ --- [nio-8080-exec-1] c.c.e.s.UserService                      : [com.cs.ebm.pojo.User@3f4a058c]
2023-07-06 09:53:26.990  INFO LAPTOP-QSG579HJ --- [nio-8080-exec-1] c.c.e.c.UserController                   : user found
2023-07-06 09:53:28.034  WARN LAPTOP-QSG579HJ --- [nio-8080-exec-3] o.s.w.s.PageNotFound                     : No mapping for GET /plugins/fontawesome-free/css/all.min.css
2023-07-06 09:53:32.474  WARN LAPTOP-QSG579HJ --- [nio-8080-exec-8] o.s.w.s.PageNotFound                     : No mapping for GET /plugins/fontawesome-free/css/all.min.css
2023-07-06 09:53:43.178  WARN LAPTOP-QSG579HJ --- [io-8080-exec-10] o.s.w.s.PageNotFound                     : No mapping for GET /plugins/fontawesome-free/css/all.min.css
2023-07-06 09:59:08.274  WARN LAPTOP-QSG579HJ --- [nio-8080-exec-9] o.s.w.s.PageNotFound                     : No mapping for GET /plugins/fontawesome-free/css/all.min.css
2023-07-06 09:59:15.748  WARN LAPTOP-QSG579HJ --- [nio-8080-exec-7] o.s.w.s.PageNotFound                     : No mapping for GET /plugins/fontawesome-free/css/all.min.css
2023-07-06 10:01:20.217  WARN LAPTOP-QSG579HJ --- [nio-8080-exec-9] o.s.w.s.PageNotFound                     : No mapping for GET /plugins/fontawesome-free/css/all.min.css
2023-07-06 10:06:18.361  WARN LAPTOP-QSG579HJ --- [nio-8080-exec-7] o.s.w.s.PageNotFound                     : No mapping for GET /plugins/fontawesome-free/css/all.min.css
2023-07-06 10:15:32.903  WARN LAPTOP-QSG579HJ --- [nio-8080-exec-3] o.s.w.s.PageNotFound                     : No mapping for GET /plugins/fontawesome-free/css/all.min.css
2023-07-06 10:16:02.912  WARN LAPTOP-QSG579HJ --- [nio-8080-exec-9] o.s.w.s.PageNotFound                     : No mapping for GET /plugins/fontawesome-free/css/all.min.css
2023-07-06 10:47:35.577  WARN LAPTOP-QSG579HJ --- [nio-8080-exec-8] o.s.w.s.PageNotFound                     : No mapping for GET /plugins/fontawesome-free/css/all.min.css
2023-07-06 10:47:37.401  WARN LAPTOP-QSG579HJ --- [nio-8080-exec-8] o.s.w.s.PageNotFound                     : No mapping for GET /plugins/fontawesome-free/css/all.min.css
2023-07-06 10:47:39.322  WARN LAPTOP-QSG579HJ --- [nio-8080-exec-7] o.s.w.s.PageNotFound                     : No mapping for GET /plugins/fontawesome-free/css/all.min.css
2023-07-06 10:47:45.934  WARN LAPTOP-QSG579HJ --- [nio-8080-exec-9] o.s.w.s.PageNotFound                     : No mapping for GET /plugins/fontawesome-free/css/all.min.css
